#! /c/Source/iverilog-install/bin/vvp
:ivl_version "12.0 (devel)" "(s20150603-1110-g18392a46)";
:ivl_delay_selection "TYPICAL";
:vpi_time_precision - 10;
:vpi_module "D:\iverilog\lib\ivl\system.vpi";
:vpi_module "D:\iverilog\lib\ivl\vhdl_sys.vpi";
:vpi_module "D:\iverilog\lib\ivl\vhdl_textio.vpi";
:vpi_module "D:\iverilog\lib\ivl\v2005_math.vpi";
:vpi_module "D:\iverilog\lib\ivl\va_math.vpi";
S_0000022ed973aba0 .scope module, "part_5_top_tb" "part_5_top_tb" 2 4;
 .timescale -9 -10;
v0000022ed97a3a50_0 .var "a", 31 0;
v0000022ed97a30f0_0 .var "b", 31 0;
v0000022ed97a3eb0_0 .var "isErr", 0 0;
v0000022ed97a3d70_0 .net "mismatch", 0 0, L_0000022ed97a3410;  1 drivers
v0000022ed97a3370_0 .var "sub", 0 0;
v0000022ed97a3050_0 .net "sum", 31 0, L_0000022ed97a3b90;  1 drivers
v0000022ed97a34b0_0 .var "sum_compare", 31 0;
v0000022ed97a3af0_0 .var "time_of_err", 15 0;
E_0000022ed96fb070 .event posedge, v0000022ed97a3d70_0;
E_0000022ed96fb7f0 .event anyedge, v0000022ed97a3f50_0, v0000022ed97a3af0_0;
E_0000022ed96fb230 .event "gen_result";
L_0000022ed97a3410 .cmp/ne 32, L_0000022ed97a3b90, v0000022ed97a34b0_0;
S_0000022ed973cb90 .scope module, "top0" "part_5_top_module" 2 19, 3 1 0, S_0000022ed973aba0;
 .timescale -9 -10;
    .port_info 0 /INPUT 32 "a";
    .port_info 1 /INPUT 32 "b";
    .port_info 2 /INPUT 1 "sub";
    .port_info 3 /OUTPUT 32 "sum";
L_0000022ed9736bf0 .functor XOR 32, v0000022ed97a30f0_0, L_0000022ed97a3550, C4<00000000000000000000000000000000>, C4<00000000000000000000000000000000>;
L_0000022ed9737520 .functor BUFZ 1, v0000022ed97a3370_0, C4<0>, C4<0>, C4<0>;
v0000022ed9713580_0 .net *"_ivl_0", 31 0, L_0000022ed97a3550;  1 drivers
L_0000022ed97a4018 .functor BUFT 1, C4<0000000000000000000000000000000>, C4<0>, C4<0>, C4<0>;
v0000022ed973b050_0 .net *"_ivl_11", 30 0, L_0000022ed97a4018;  1 drivers
v0000022ed973cd20_0 .net *"_ivl_6", 31 0, L_0000022ed97a39b0;  1 drivers
v0000022ed96f8c60_0 .net *"_ivl_8", 31 0, L_0000022ed97a3e10;  1 drivers
v0000022ed973bab0_0 .net "a", 31 0, v0000022ed97a3a50_0;  1 drivers
v0000022ed973bb50_0 .net "b", 31 0, v0000022ed97a30f0_0;  1 drivers
v0000022ed973bbf0_0 .net "b_xor", 31 0, L_0000022ed9736bf0;  1 drivers
v0000022ed973bc90_0 .net "cin", 0 0, L_0000022ed9737520;  1 drivers
v0000022ed9744f10_0 .net "sub", 0 0, v0000022ed97a3370_0;  1 drivers
v0000022ed97a3f50_0 .net "sum", 31 0, L_0000022ed97a3b90;  alias, 1 drivers
LS_0000022ed97a3550_0_0 .concat [ 1 1 1 1], v0000022ed97a3370_0, v0000022ed97a3370_0, v0000022ed97a3370_0, v0000022ed97a3370_0;
LS_0000022ed97a3550_0_4 .concat [ 1 1 1 1], v0000022ed97a3370_0, v0000022ed97a3370_0, v0000022ed97a3370_0, v0000022ed97a3370_0;
LS_0000022ed97a3550_0_8 .concat [ 1 1 1 1], v0000022ed97a3370_0, v0000022ed97a3370_0, v0000022ed97a3370_0, v0000022ed97a3370_0;
LS_0000022ed97a3550_0_12 .concat [ 1 1 1 1], v0000022ed97a3370_0, v0000022ed97a3370_0, v0000022ed97a3370_0, v0000022ed97a3370_0;
LS_0000022ed97a3550_0_16 .concat [ 1 1 1 1], v0000022ed97a3370_0, v0000022ed97a3370_0, v0000022ed97a3370_0, v0000022ed97a3370_0;
LS_0000022ed97a3550_0_20 .concat [ 1 1 1 1], v0000022ed97a3370_0, v0000022ed97a3370_0, v0000022ed97a3370_0, v0000022ed97a3370_0;
LS_0000022ed97a3550_0_24 .concat [ 1 1 1 1], v0000022ed97a3370_0, v0000022ed97a3370_0, v0000022ed97a3370_0, v0000022ed97a3370_0;
LS_0000022ed97a3550_0_28 .concat [ 1 1 1 1], v0000022ed97a3370_0, v0000022ed97a3370_0, v0000022ed97a3370_0, v0000022ed97a3370_0;
LS_0000022ed97a3550_1_0 .concat [ 4 4 4 4], LS_0000022ed97a3550_0_0, LS_0000022ed97a3550_0_4, LS_0000022ed97a3550_0_8, LS_0000022ed97a3550_0_12;
LS_0000022ed97a3550_1_4 .concat [ 4 4 4 4], LS_0000022ed97a3550_0_16, LS_0000022ed97a3550_0_20, LS_0000022ed97a3550_0_24, LS_0000022ed97a3550_0_28;
L_0000022ed97a3550 .concat [ 16 16 0 0], LS_0000022ed97a3550_1_0, LS_0000022ed97a3550_1_4;
L_0000022ed97a39b0 .arith/sum 32, v0000022ed97a3a50_0, L_0000022ed9736bf0;
L_0000022ed97a3e10 .concat [ 1 31 0 0], L_0000022ed9737520, L_0000022ed97a4018;
L_0000022ed97a3b90 .arith/sum 32, L_0000022ed97a39b0, L_0000022ed97a3e10;
    .scope S_0000022ed973aba0;
T_0 ;
    %pushi/vec4 0, 0, 32;
    %store/vec4 v0000022ed97a3a50_0, 0, 32;
    %pushi/vec4 0, 0, 32;
    %store/vec4 v0000022ed97a30f0_0, 0, 32;
    %pushi/vec4 0, 0, 1;
    %store/vec4 v0000022ed97a3370_0, 0, 1;
    %pushi/vec4 65535, 65535, 16;
    %store/vec4 v0000022ed97a3af0_0, 0, 16;
    %pushi/vec4 0, 0, 32;
    %store/vec4 v0000022ed97a34b0_0, 0, 32;
    %pushi/vec4 0, 0, 1;
    %store/vec4 v0000022ed97a3eb0_0, 0, 1;
    %end;
    .thread T_0;
    .scope S_0000022ed973aba0;
T_1 ;
    %vpi_call 2 29 "$dumpfile", "wave.vcd" {0 0 0};
    %vpi_call 2 30 "$dumpvars", 32'sb00000000000000000000000000000000, S_0000022ed973aba0 {0 0 0};
    %delay 50, 0;
    %pushi/vec4 1, 0, 32;
    %store/vec4 v0000022ed97a3a50_0, 0, 32;
    %pushi/vec4 0, 0, 32;
    %store/vec4 v0000022ed97a30f0_0, 0, 32;
    %pushi/vec4 1, 0, 32;
    %store/vec4 v0000022ed97a34b0_0, 0, 32;
    %delay 50, 0;
    %pushi/vec4 2, 0, 32;
    %store/vec4 v0000022ed97a3a50_0, 0, 32;
    %pushi/vec4 2, 0, 32;
    %store/vec4 v0000022ed97a34b0_0, 0, 32;
    %delay 50, 0;
    %pushi/vec4 1, 0, 32;
    %store/vec4 v0000022ed97a30f0_0, 0, 32;
    %pushi/vec4 1, 0, 1;
    %store/vec4 v0000022ed97a3370_0, 0, 1;
    %pushi/vec4 1, 0, 32;
    %store/vec4 v0000022ed97a34b0_0, 0, 32;
    %delay 50, 0;
    %pushi/vec4 2, 0, 32;
    %store/vec4 v0000022ed97a30f0_0, 0, 32;
    %pushi/vec4 0, 0, 32;
    %store/vec4 v0000022ed97a34b0_0, 0, 32;
    %delay 50, 0;
    %pushi/vec4 65535, 0, 32;
    %store/vec4 v0000022ed97a3a50_0, 0, 32;
    %pushi/vec4 1, 0, 32;
    %store/vec4 v0000022ed97a30f0_0, 0, 32;
    %pushi/vec4 0, 0, 1;
    %store/vec4 v0000022ed97a3370_0, 0, 1;
    %pushi/vec4 65536, 0, 32;
    %store/vec4 v0000022ed97a34b0_0, 0, 32;
    %delay 50, 0;
    %pushi/vec4 65536, 0, 32;
    %store/vec4 v0000022ed97a3a50_0, 0, 32;
    %pushi/vec4 1, 0, 1;
    %store/vec4 v0000022ed97a3370_0, 0, 1;
    %pushi/vec4 65535, 0, 32;
    %store/vec4 v0000022ed97a34b0_0, 0, 32;
    %delay 50, 0;
    %pushi/vec4 4294967295, 0, 32;
    %store/vec4 v0000022ed97a3a50_0, 0, 32;
    %pushi/vec4 4294967295, 0, 32;
    %store/vec4 v0000022ed97a30f0_0, 0, 32;
    %pushi/vec4 0, 0, 1;
    %store/vec4 v0000022ed97a3370_0, 0, 1;
    %pushi/vec4 4294967294, 0, 32;
    %store/vec4 v0000022ed97a34b0_0, 0, 32;
    %delay 50, 0;
    %event E_0000022ed96fb230;
    %end;
    .thread T_1;
    .scope S_0000022ed973aba0;
T_2 ;
    %wait E_0000022ed96fb7f0;
    %load/vec4 v0000022ed97a3050_0;
    %cmpi/e 0, 4294967295, 32;
    %jmp/0xz  T_2.0, 6;
    %pushi/vec4 1, 0, 1;
    %store/vec4 v0000022ed97a3eb0_0, 0, 1;
    %load/vec4 v0000022ed97a3af0_0;
    %cmpi/e 65535, 65535, 16;
    %flag_mov 8, 6;
    %jmp/0 T_2.2, 8;
    %vpi_func 2 47 "$time" 64 {0 0 0};
    %jmp/1 T_2.3, 8;
T_2.2 ; End of true expr.
    %load/vec4 v0000022ed97a3af0_0;
    %pad/u 64;
    %jmp/0 T_2.3, 8;
 ; End of false expr.
    %blend;
T_2.3;
    %pad/u 16;
    %store/vec4 v0000022ed97a3af0_0, 0, 16;
    %vpi_call 2 48 "$display", "p1y is in high-impedance (Z) state at t=%d", $time {0 0 0};
T_2.0 ;
    %load/vec4 v0000022ed97a3050_0;
    %cmpi/e 4294967295, 4294967295, 32;
    %jmp/0xz  T_2.4, 6;
    %pushi/vec4 1, 0, 1;
    %store/vec4 v0000022ed97a3eb0_0, 0, 1;
    %load/vec4 v0000022ed97a3af0_0;
    %cmpi/e 65535, 65535, 16;
    %flag_mov 8, 6;
    %jmp/0 T_2.6, 8;
    %vpi_func 2 52 "$time" 64 {0 0 0};
    %jmp/1 T_2.7, 8;
T_2.6 ; End of true expr.
    %load/vec4 v0000022ed97a3af0_0;
    %pad/u 64;
    %jmp/0 T_2.7, 8;
 ; End of false expr.
    %blend;
T_2.7;
    %pad/u 16;
    %store/vec4 v0000022ed97a3af0_0, 0, 16;
    %vpi_call 2 53 "$display", "p1y is in unknown (X) state at t=%d", $time {0 0 0};
T_2.4 ;
    %jmp T_2;
    .thread T_2, $push;
    .scope S_0000022ed973aba0;
T_3 ;
    %wait E_0000022ed96fb070;
    %delay 1, 0;
    %load/vec4 v0000022ed97a3050_0;
    %load/vec4 v0000022ed97a34b0_0;
    %cmp/ne;
    %jmp/0xz  T_3.0, 4;
    %pushi/vec4 1, 0, 1;
    %store/vec4 v0000022ed97a3eb0_0, 0, 1;
    %load/vec4 v0000022ed97a3af0_0;
    %cmpi/e 65535, 65535, 16;
    %flag_mov 8, 6;
    %jmp/0 T_3.2, 8;
    %vpi_func 2 61 "$time" 64 {0 0 0};
    %jmp/1 T_3.3, 8;
T_3.2 ; End of true expr.
    %load/vec4 v0000022ed97a3af0_0;
    %pad/u 64;
    %jmp/0 T_3.3, 8;
 ; End of false expr.
    %blend;
T_3.3;
    %pad/u 16;
    %store/vec4 v0000022ed97a3af0_0, 0, 16;
T_3.0 ;
    %jmp T_3;
    .thread T_3;
    .scope S_0000022ed973aba0;
T_4 ;
    %wait E_0000022ed96fb230;
    %vpi_call 2 67 "$display", "###################################################" {0 0 0};
    %load/vec4 v0000022ed97a3eb0_0;
    %flag_set/vec4 8;
    %jmp/0xz  T_4.0, 8;
    %vpi_call 2 70 "$display", "Result: FAIL" {0 0 0};
    %vpi_call 2 71 "$display", "First error at t=%-4d", v0000022ed97a3af0_0 {0 0 0};
    %jmp T_4.1;
T_4.0 ;
    %vpi_call 2 73 "$display", "Result: PASS" {0 0 0};
T_4.1 ;
    %vpi_call 2 74 "$display", "###################################################" {0 0 0};
    %vpi_call 2 75 "$finish" {0 0 0};
    %end;
    .thread T_4;
    .scope S_0000022ed973aba0;
T_5 ;
    %vpi_call 2 80 "$monitor", "t=%-4d: a = %h, b = %h, sub = %h, s = %h", $time, v0000022ed97a3a50_0, v0000022ed97a30f0_0, v0000022ed97a3370_0, v0000022ed97a3050_0 {0 0 0};
    %end;
    .thread T_5;
# The file index is used to find the file name in the following table.
:file_names 4;
    "N/A";
    "<interactive>";
    "part_5_add_tb.v";
    "./part_5_top_module.v";
